
Showing logs for build [32mcb-kubecd-environment-pr-199-45-knn27-1[0m stage [32mfrom-build-pack[0m and container [32mstep-credential-initializer-gn448[0m
{"level":"warn","ts":1586615368.98675,"logger":"fallback-logger","caller":"logging/config.go:69","msg":"Fetch GitHub commit ID from kodata failed: \"ref: refs/heads/0.8.0-**-support-backwards-incompats\" is not a valid GitHub commit ID"}
{"level":"info","ts":1586615368.98812,"logger":"fallback-logger","caller":"creds-init/main.go:40","msg":"Credentials initialized."}

Showing logs for build [32mcb-kubecd-environment-pr-199-45-knn27-1[0m stage [32mfrom-build-pack[0m and container [32mstep-working-dir-initializer-fqlnt[0m
{"level":"warn","ts":1586615370.0416594,"logger":"fallback-logger","caller":"logging/config.go:69","msg":"Fetch GitHub commit ID from kodata failed: open /var/run/ko/HEAD: no such file or directory"}
{"level":"info","ts":1586615370.0474024,"logger":"fallback-logger","caller":"bash/main.go:64","msg":"Successfully executed command \"sh -c mkdir -p /workspace/source\"; output "}

Showing logs for build [32mcb-kubecd-environment-pr-199-45-knn27-1[0m stage [32mfrom-build-pack[0m and container [32mstep-place-tools[0m

Showing logs for build [32mcb-kubecd-environment-pr-199-45-knn27-1[0m stage [32mfrom-build-pack[0m and container [32mstep-git-source-cb-kubecd-environment-pr-199-45-knn27-5lgv8[0m
{"level":"warn","ts":1586615376.075587,"logger":"fallback-logger","caller":"logging/config.go:69","msg":"Fetch GitHub commit ID from kodata failed: \"ref: refs/heads/0.8.0-**-support-backwards-incompats\" is not a valid GitHub commit ID"}
{"level":"info","ts":1586615377.2107172,"logger":"fallback-logger","caller":"git/git.go:103","msg":"Successfully cloned https://github.com/cb-kubecd/environment-pr-199-45-boot-gke-staging.git @ master in path /workspace/source"}

Showing logs for build [32mcb-kubecd-environment-pr-199-45-knn27-1[0m stage [32mfrom-build-pack[0m and container [32mstep-git-merge[0m
Using SHAs from PULL_REFS=master:622b2eae5ae1e44b0050febaf173dbf93afec1d5,1:1a2222255ce39d69070ec79f7dad256a6da5b7ae
DEBUG: LC_ALL=C JX_LOG_LEVEL=error git fetch origin --unshallow 1a2222255ce39d69070ec79f7dad256a6da5b7ae: 622b2eae5ae1e44b0050febaf173dbf93afec1d5:
DEBUG: ran git fetch --unshallow origin 1a2222255ce39d69070ec79f7dad256a6da5b7ae: 622b2eae5ae1e44b0050febaf173dbf93afec1d5: in 
DEBUG: LC_ALL=C JX_LOG_LEVEL=error git branch
DEBUG: LC_ALL=C JX_LOG_LEVEL=error git checkout master
DEBUG: ran git checkout master in 
DEBUG: LC_ALL=C JX_LOG_LEVEL=error git reset --hard 622b2eae5ae1e44b0050febaf173dbf93afec1d5
DEBUG: ran git reset --hard 622b2eae5ae1e44b0050febaf173dbf93afec1d5 in 
DEBUG: LC_ALL=C JX_LOG_LEVEL=error git clean -fd .
DEBUG: ran clean --force -d . in 
DEBUG: LC_ALL=C JX_LOG_LEVEL=error git merge 1a2222255ce39d69070ec79f7dad256a6da5b7ae
DEBUG: ran git merge 1a2222255ce39d69070ec79f7dad256a6da5b7ae in 
DEBUG: LC_ALL=C JX_LOG_LEVEL=error git log --format=%H%x1f%an%x1f%ae%x1f%cn%x1f%ce%x1f%s%n%b%x1e 622b2eae5ae1e44b0050febaf173dbf93afec1d5..HEAD
Merged SHA 1a2222255ce39d69070ec79f7dad256a6da5b7ae with commit message 'chore: Promote bdd-spring-1586615046 to version 0.0.1' into base branch master

Showing logs for build [32mcb-kubecd-environment-pr-199-45-knn27-1[0m stage [32mfrom-build-pack[0m and container [32mstep-build-helm-build[0m
WARNING: No $CHART_REPOSITORY defined so using the default value of: http://jenkins-x-chartmuseum:8080
Adding missing Helm repo: storage.googleapis.com https://storage.googleapis.com/chartmuseum.jenkins-x.io
WARNING: No secrets found on "helm/repos" due: reading the secret "helm/repos" from vault: no secret "helm/repos" not found in vault
Read credentials for https://storage.googleapis.com/chartmuseum.jenkins-x.io from vault helm/repos
Successfully added Helm repository storage.googleapis.com.
Adding missing Helm repo: jenkins-x-chartmuseum http://jenkins-x-chartmuseum:8080
WARNING: No secrets found on "helm/repos" due: reading the secret "helm/repos" from vault: no secret "helm/repos" not found in vault
Read credentials for http://jenkins-x-chartmuseum:8080 from vault helm/repos
Successfully added Helm repository jenkins-x-chartmuseum.
WARNING: No $CHART_REPOSITORY defined so using the default value of: http://jenkins-x-chartmuseum:8080
Adding missing Helm repo: chartmuseum.jenkins-x.io http://chartmuseum.jenkins-x.io
WARNING: No secrets found on "helm/repos" due: reading the secret "helm/repos" from vault: no secret "helm/repos" not found in vault
Read credentials for http://chartmuseum.jenkins-x.io from vault helm/repos
Successfully added Helm repository chartmuseum.jenkins-x.io.
